Traceback (most recent call last):
  File "/opt/conda/envs/engr131/lib/python3.10/site-packages/jupyter_cache/executors/utils.py", line 58, in single_nb_execution
    executenb(
  File "/opt/conda/envs/engr131/lib/python3.10/site-packages/nbclient/client.py", line 1305, in execute
    return NotebookClient(nb=nb, resources=resources, km=km, **kwargs).execute()
  File "/opt/conda/envs/engr131/lib/python3.10/site-packages/jupyter_core/utils/__init__.py", line 173, in wrapped
    return loop.run_until_complete(inner)
  File "/opt/conda/envs/engr131/lib/python3.10/asyncio/base_events.py", line 649, in run_until_complete
    return future.result()
  File "/opt/conda/envs/engr131/lib/python3.10/site-packages/nbclient/client.py", line 705, in async_execute
    await self.async_execute_cell(
  File "/opt/conda/envs/engr131/lib/python3.10/site-packages/nbclient/client.py", line 1058, in async_execute_cell
    await self._check_raise_for_error(cell, cell_index, exec_reply)
  File "/opt/conda/envs/engr131/lib/python3.10/site-packages/nbclient/client.py", line 914, in _check_raise_for_error
    raise CellExecutionError.from_cell_and_msg(cell, exec_reply_content)
nbclient.exceptions.CellExecutionError: An error occurred while executing the following cell:
------------------
# apply the total_resistance method to the instantiation of the class
total_resistance = circuit.total_resistance()
print(f"Total Resistance: {total_resistance} Ohms")

# apply the circuit_current method to the instantiation of the class
voltage_source = 9  # 9V voltage source
current = circuit.circuit_current(voltage_source)
print(f"Circuit Current: {current} A")

# apply the component_voltages method to the instantiation of the class
voltages = circuit.component_voltages(voltage_source)
print(f"Voltages across each component: {voltages}")
------------------


[0;31m---------------------------------------------------------------------------[0m
[0;31mNameError[0m                                 Traceback (most recent call last)
Cell [0;32mIn[1], line 2[0m
[1;32m      1[0m [38;5;66;03m# apply the total_resistance method to the instantiation of the class[39;00m
[0;32m----> 2[0m total_resistance [38;5;241m=[39m [43mcircuit[49m[38;5;241m.[39mtotal_resistance()
[1;32m      3[0m [38;5;28mprint[39m([38;5;124mf[39m[38;5;124m"[39m[38;5;124mTotal Resistance: [39m[38;5;132;01m{[39;00mtotal_resistance[38;5;132;01m}[39;00m[38;5;124m Ohms[39m[38;5;124m"[39m)
[1;32m      5[0m [38;5;66;03m# apply the circuit_current method to the instantiation of the class[39;00m

[0;31mNameError[0m: name 'circuit' is not defined

